# JRE version: OpenJDK Runtime Environment (11.0.10) (build 11.0.10+0-b96-7249189)
# Java VM: OpenJDK 64-Bit Server VM (11.0.10+0-b96-7249189, mixed mode, tiered, compressed oops, g1 gc, windows-amd64)
Heap:
 garbage-first heap   total 179200K, used 85136K [0x0000000080000000, 0x0000000100000000)
  region size 1024K, 5 young (5120K), 3 survivors (3072K)
 Metaspace       used 93945K, capacity 96296K, committed 96460K, reserved 1132544K
  class space    used 11785K, capacity 12623K, committed 12748K, reserved 1048576K
GC Heap History (20 events):
Event: 21.521 GC heap before
{Heap before GC invocations=40 (full 0):
 garbage-first heap   total 143360K, used 108685K [0x0000000080000000, 0x0000000100000000)
  region size 1024K, 24 young (24576K), 3 survivors (3072K)
 Metaspace       used 81929K, capacity 84062K, committed 84428K, reserved 1122304K
  class space    used 10594K, capacity 11350K, committed 11468K, reserved 1048576K
}
Event: 21.529 GC heap after
{Heap after GC invocations=41 (full 0):
 garbage-first heap   total 179200K, used 87858K [0x0000000080000000, 0x0000000100000000)
  region size 1024K, 1 young (1024K), 1 survivors (1024K)
 Metaspace       used 81929K, capacity 84062K, committed 84428K, reserved 1122304K
  class space    used 10594K, capacity 11350K, committed 11468K, reserved 1048576K
}
Event: 21.894 GC heap before
{Heap before GC invocations=42 (full 0):
 garbage-first heap   total 179200K, used 121650K [0x0000000080000000, 0x0000000100000000)
  region size 1024K, 34 young (34816K), 1 survivors (1024K)
 Metaspace       used 81936K, capacity 84062K, committed 84428K, reserved 1122304K
  class space    used 10594K, capacity 11350K, committed 11468K, reserved 1048576K
}
Event: 21.895 GC heap after
{Heap after GC invocations=43 (full 0):
 garbage-first heap   total 179200K, used 87532K [0x0000000080000000, 0x0000000100000000)
  region size 1024K, 1 young (1024K), 1 survivors (1024K)
 Metaspace       used 81936K, capacity 84062K, committed 84428K, reserved 1122304K
  class space    used 10594K, capacity 11350K, committed 11468K, reserved 1048576K
}
Event: 22.094 GC heap before
{Heap before GC invocations=43 (full 0):
 garbage-first heap   total 179200K, used 93676K [0x0000000080000000, 0x0000000100000000)
  region size 1024K, 9 young (9216K), 1 survivors (1024K)
 Metaspace       used 81963K, capacity 84068K, committed 84428K, reserved 1122304K
  class space    used 10597K, capacity 11352K, committed 11468K, reserved 1048576K
}
Event: 22.099 GC heap after
{Heap after GC invocations=44 (full 0):
 garbage-first heap   total 179200K, used 91648K [0x0000000080000000, 0x0000000100000000)
  region size 1024K, 5 young (5120K), 5 survivors (5120K)
 Metaspace       used 81963K, capacity 84068K, committed 84428K, reserved 1122304K
  class space    used 10597K, capacity 11352K, committed 11468K, reserved 1048576K
}
Event: 22.702 GC heap before
{Heap before GC invocations=45 (full 0):
 garbage-first heap   total 179200K, used 143872K [0x0000000080000000, 0x0000000100000000)
  region size 1024K, 41 young (41984K), 5 survivors (5120K)
 Metaspace       used 85512K, capacity 87606K, committed 87756K, reserved 1126400K
  class space    used 10885K, capacity 11654K, committed 11724K, reserved 1048576K
}
Event: 22.707 GC heap after
{Heap after GC invocations=46 (full 0):
 garbage-first heap   total 179200K, used 91839K [0x0000000080000000, 0x0000000100000000)
  region size 1024K, 5 young (5120K), 5 survivors (5120K)
 Metaspace       used 85512K, capacity 87606K, committed 87756K, reserved 1126400K
  class space    used 10885K, capacity 11654K, committed 11724K, reserved 1048576K
}
Event: 23.060 GC heap before
{Heap before GC invocations=46 (full 0):
 garbage-first heap   total 179200K, used 130751K [0x0000000080000000, 0x0000000100000000)
  region size 1024K, 43 young (44032K), 5 survivors (5120K)
 Metaspace       used 86021K, capacity 88151K, committed 88396K, reserved 1126400K
  class space    used 10899K, capacity 11686K, committed 11852K, reserved 1048576K
}
Event: 23.078 GC heap after
{Heap after GC invocations=47 (full 0):
 garbage-first heap   total 179200K, used 93737K [0x0000000080000000, 0x0000000100000000)
  region size 1024K, 3 young (3072K), 3 survivors (3072K)
 Metaspace       used 86021K, capacity 88151K, committed 88396K, reserved 1126400K
  class space    used 10899K, capacity 11686K, committed 11852K, reserved 1048576K
}
Event: 23.460 GC heap before
{Heap before GC invocations=48 (full 0):
 garbage-first heap   total 179200K, used 126505K [0x0000000080000000, 0x0000000100000000)
  region size 1024K, 43 young (44032K), 3 survivors (3072K)
 Metaspace       used 87263K, capacity 89401K, committed 89676K, reserved 1126400K
  class space    used 11002K, capacity 11782K, committed 11852K, reserved 1048576K
}
Event: 23.465 GC heap after
{Heap after GC invocations=49 (full 0):
 garbage-first heap   total 179200K, used 85908K [0x0000000080000000, 0x0000000100000000)
  region size 1024K, 3 young (3072K), 3 survivors (3072K)
 Metaspace       used 87263K, capacity 89401K, committed 89676K, reserved 1126400K
  class space    used 11002K, capacity 11782K, committed 11852K, reserved 1048576K
}
Event: 23.522 GC heap before
{Heap before GC invocations=49 (full 0):
 garbage-first heap   total 179200K, used 91028K [0x0000000080000000, 0x0000000100000000)
  region size 1024K, 8 young (8192K), 3 survivors (3072K)
 Metaspace       used 87307K, capacity 89471K, committed 89676K, reserved 1126400K
  class space    used 11002K, capacity 11782K, committed 11852K, reserved 1048576K
}
Event: 23.527 GC heap after
{Heap after GC invocations=50 (full 0):
 garbage-first heap   total 179200K, used 77939K [0x0000000080000000, 0x0000000100000000)
  region size 1024K, 1 young (1024K), 1 survivors (1024K)
 Metaspace       used 87307K, capacity 89471K, committed 89676K, reserved 1126400K
  class space    used 11002K, capacity 11782K, committed 11852K, reserved 1048576K
}
Event: 25.039 GC heap before
{Heap before GC invocations=50 (full 0):
 garbage-first heap   total 179200K, used 130163K [0x0000000080000000, 0x0000000100000000)
  region size 1024K, 53 young (54272K), 1 survivors (1024K)
 Metaspace       used 90366K, capacity 92504K, committed 92620K, reserved 1130496K
  class space    used 11398K, capacity 12148K, committed 12236K, reserved 1048576K
}
Event: 25.045 GC heap after
{Heap after GC invocations=51 (full 0):
 garbage-first heap   total 179200K, used 78881K [0x0000000080000000, 0x0000000100000000)
  region size 1024K, 2 young (2048K), 2 survivors (2048K)
 Metaspace       used 90366K, capacity 92504K, committed 92620K, reserved 1130496K
  class space    used 11398K, capacity 12148K, committed 12236K, reserved 1048576K
}
Event: 26.630 GC heap before
{Heap before GC invocations=51 (full 0):
 garbage-first heap   total 179200K, used 133153K [0x0000000080000000, 0x0000000100000000)
  region size 1024K, 56 young (57344K), 2 survivors (2048K)
 Metaspace       used 91669K, capacity 93789K, committed 94028K, reserved 1130496K
  class space    used 11516K, capacity 12287K, committed 12364K, reserved 1048576K
}
Event: 26.638 GC heap after
{Heap after GC invocations=52 (full 0):
 garbage-first heap   total 179200K, used 81695K [0x0000000080000000, 0x0000000100000000)
  region size 1024K, 5 young (5120K), 5 survivors (5120K)
 Metaspace       used 91669K, capacity 93789K, committed 94028K, reserved 1130496K
  class space    used 11516K, capacity 12287K, committed 12364K, reserved 1048576K
}
Event: 27.371 GC heap before
{Heap before GC invocations=52 (full 0):
 garbage-first heap   total 179200K, used 136991K [0x0000000080000000, 0x0000000100000000)
  region size 1024K, 60 young (61440K), 5 survivors (5120K)
 Metaspace       used 92840K, capacity 95037K, committed 95180K, reserved 1132544K
  class space    used 11646K, capacity 12422K, committed 12492K, reserved 1048576K
}
Event: 27.381 GC heap after
{Heap after GC invocations=53 (full 0):
 garbage-first heap   total 179200K, used 83762K [0x0000000080000000, 0x0000000100000000)
  region size 1024K, 7 young (7168K), 7 survivors (7168K)
 Metaspace       used 92840K, capacity 95037K, committed 95180K, reserved 1132544K
  class space    used 11646K, capacity 12422K, committed 12492K, reserved 1048576K
}

