# JRE version: OpenJDK Runtime Environment (11.0.10) (build 11.0.10+0-b96-7249189)
# Java VM: OpenJDK 64-Bit Server VM (11.0.10+0-b96-7249189, mixed mode, tiered, compressed oops, g1 gc, windows-amd64)
Heap:
 garbage-first heap   total 614400K, used 133937K [0x0000000080000000, 0x0000000100000000)
  region size 1024K, 3 young (3072K), 3 survivors (3072K)
 Metaspace       used 100233K, capacity 103013K, committed 103244K, reserved 1138688K
  class space    used 13026K, capacity 14058K, committed 14156K, reserved 1048576K
GC Heap History (20 events):
Event: 22.496 GC heap after
{Heap after GC invocations=39 (full 0):
 garbage-first heap   total 143360K, used 88437K [0x0000000080000000, 0x0000000100000000)
  region size 1024K, 2 young (2048K), 2 survivors (2048K)
 Metaspace       used 91881K, capacity 94287K, committed 94412K, reserved 1130496K
  class space    used 11823K, capacity 12696K, committed 12748K, reserved 1048576K
}
Event: 22.676 GC heap before
{Heap before GC invocations=39 (full 0):
 garbage-first heap   total 143360K, used 118133K [0x0000000080000000, 0x0000000100000000)
  region size 1024K, 29 young (29696K), 2 survivors (2048K)
 Metaspace       used 92099K, capacity 94499K, committed 94668K, reserved 1130496K
  class space    used 11835K, capacity 12693K, committed 12748K, reserved 1048576K
}
Event: 22.686 GC heap after
{Heap after GC invocations=40 (full 0):
 garbage-first heap   total 143360K, used 94414K [0x0000000080000000, 0x0000000100000000)
  region size 1024K, 4 young (4096K), 4 survivors (4096K)
 Metaspace       used 92099K, capacity 94499K, committed 94668K, reserved 1130496K
  class space    used 11835K, capacity 12693K, committed 12748K, reserved 1048576K
}
Event: 22.872 GC heap before
{Heap before GC invocations=41 (full 0):
 garbage-first heap   total 143360K, used 116942K [0x0000000080000000, 0x0000000100000000)
  region size 1024K, 26 young (26624K), 4 survivors (4096K)
 Metaspace       used 93028K, capacity 95448K, committed 95564K, reserved 1132544K
  class space    used 11986K, capacity 12859K, committed 12876K, reserved 1048576K
}
Event: 22.885 GC heap after
{Heap after GC invocations=42 (full 0):
 garbage-first heap   total 172032K, used 98696K [0x0000000080000000, 0x0000000100000000)
  region size 1024K, 4 young (4096K), 4 survivors (4096K)
 Metaspace       used 93028K, capacity 95448K, committed 95564K, reserved 1132544K
  class space    used 11986K, capacity 12859K, committed 12876K, reserved 1048576K
}
Event: 23.058 GC heap before
{Heap before GC invocations=42 (full 0):
 garbage-first heap   total 172032K, used 128392K [0x0000000080000000, 0x0000000100000000)
  region size 1024K, 34 young (34816K), 4 survivors (4096K)
 Metaspace       used 93952K, capacity 96442K, committed 96588K, reserved 1132544K
  class space    used 12117K, capacity 13019K, committed 13132K, reserved 1048576K
}
Event: 23.071 GC heap after
{Heap after GC invocations=43 (full 0):
 garbage-first heap   total 172032K, used 104154K [0x0000000080000000, 0x0000000100000000)
  region size 1024K, 5 young (5120K), 5 survivors (5120K)
 Metaspace       used 93952K, capacity 96442K, committed 96588K, reserved 1132544K
  class space    used 12117K, capacity 13019K, committed 13132K, reserved 1048576K
}
Event: 23.297 GC heap before
{Heap before GC invocations=43 (full 0):
 garbage-first heap   total 172032K, used 133850K [0x0000000080000000, 0x0000000100000000)
  region size 1024K, 34 young (34816K), 5 survivors (5120K)
 Metaspace       used 94522K, capacity 96989K, committed 97356K, reserved 1134592K
  class space    used 12152K, capacity 13039K, committed 13132K, reserved 1048576K
}
Event: 23.313 GC heap after
{Heap after GC invocations=44 (full 0):
 garbage-first heap   total 172032K, used 109520K [0x0000000080000000, 0x0000000100000000)
  region size 1024K, 5 young (5120K), 5 survivors (5120K)
 Metaspace       used 94522K, capacity 96989K, committed 97356K, reserved 1134592K
  class space    used 12152K, capacity 13039K, committed 13132K, reserved 1048576K
}
Event: 23.416 GC heap before
{Heap before GC invocations=45 (full 0):
 garbage-first heap   total 172032K, used 138192K [0x0000000080000000, 0x0000000100000000)
  region size 1024K, 33 young (33792K), 5 survivors (5120K)
 Metaspace       used 94802K, capacity 97307K, committed 97740K, reserved 1134592K
  class space    used 12197K, capacity 13099K, committed 13260K, reserved 1048576K
}
Event: 23.435 GC heap after
{Heap after GC invocations=46 (full 0):
 garbage-first heap   total 172032K, used 115280K [0x0000000080000000, 0x0000000100000000)
  region size 1024K, 5 young (5120K), 5 survivors (5120K)
 Metaspace       used 94802K, capacity 97307K, committed 97740K, reserved 1134592K
  class space    used 12197K, capacity 13099K, committed 13260K, reserved 1048576K
}
Event: 23.445 GC heap before
{Heap before GC invocations=46 (full 0):
 garbage-first heap   total 172032K, used 118352K [0x0000000080000000, 0x0000000100000000)
  region size 1024K, 8 young (8192K), 5 survivors (5120K)
 Metaspace       used 94826K, capacity 97307K, committed 97740K, reserved 1134592K
  class space    used 12205K, capacity 13099K, committed 13260K, reserved 1048576K
}
Event: 23.460 GC heap after
{Heap after GC invocations=47 (full 0):
 garbage-first heap   total 307200K, used 114944K [0x0000000080000000, 0x0000000100000000)
  region size 1024K, 1 young (1024K), 1 survivors (1024K)
 Metaspace       used 94826K, capacity 97307K, committed 97740K, reserved 1134592K
  class space    used 12205K, capacity 13099K, committed 13260K, reserved 1048576K
}
Event: 23.807 GC heap before
{Heap before GC invocations=47 (full 0):
 garbage-first heap   total 307200K, used 181504K [0x0000000080000000, 0x0000000100000000)
  region size 1024K, 67 young (68608K), 1 survivors (1024K)
 Metaspace       used 96126K, capacity 98691K, committed 99020K, reserved 1134592K
  class space    used 12461K, capacity 13398K, committed 13516K, reserved 1048576K
}
Event: 23.860 GC heap after
{Heap after GC invocations=48 (full 0):
 garbage-first heap   total 307200K, used 125586K [0x0000000080000000, 0x0000000100000000)
  region size 1024K, 9 young (9216K), 9 survivors (9216K)
 Metaspace       used 96126K, capacity 98691K, committed 99020K, reserved 1134592K
  class space    used 12461K, capacity 13398K, committed 13516K, reserved 1048576K
}
Event: 24.464 GC heap before
{Heap before GC invocations=48 (full 0):
 garbage-first heap   total 307200K, used 196242K [0x0000000080000000, 0x0000000100000000)
  region size 1024K, 79 young (80896K), 9 survivors (9216K)
 Metaspace       used 98925K, capacity 101649K, committed 101708K, reserved 1136640K
  class space    used 12858K, capacity 13881K, committed 13900K, reserved 1048576K
}
Event: 24.486 GC heap after
{Heap after GC invocations=49 (full 0):
 garbage-first heap   total 307200K, used 131758K [0x0000000080000000, 0x0000000100000000)
  region size 1024K, 6 young (6144K), 6 survivors (6144K)
 Metaspace       used 98925K, capacity 101649K, committed 101708K, reserved 1136640K
  class space    used 12858K, capacity 13881K, committed 13900K, reserved 1048576K
}
Event: 25.040 GC heap before
{Heap before GC invocations=49 (full 0):
 garbage-first heap   total 307200K, used 207534K [0x0000000080000000, 0x0000000100000000)
  region size 1024K, 80 young (81920K), 6 survivors (6144K)
 Metaspace       used 99444K, capacity 102166K, committed 102348K, reserved 1138688K
  class space    used 12918K, capacity 13924K, committed 14028K, reserved 1048576K
}
Event: 25.051 GC heap after
{Heap after GC invocations=50 (full 0):
 garbage-first heap   total 307200K, used 133098K [0x0000000080000000, 0x0000000100000000)
  region size 1024K, 2 young (2048K), 2 survivors (2048K)
 Metaspace       used 99444K, capacity 102166K, committed 102348K, reserved 1138688K
  class space    used 12918K, capacity 13924K, committed 14028K, reserved 1048576K
}
Event: 25.399 GC heap before
{Heap before GC invocations=50 (full 0):
 garbage-first heap   total 307200K, used 217066K [0x0000000080000000, 0x0000000100000000)
  region size 1024K, 84 young (86016K), 2 survivors (2048K)
 Metaspace       used 100233K, capacity 103013K, committed 103244K, reserved 1138688K
  class space    used 13026K, capacity 14058K, committed 14156K, reserved 1048576K
}

